<?xml version="1.0" encoding="UTF-8"?>
<testsuite xmlns:xsi="http://www.w3.org/2001/XMLSchema-instance" xsi:noNamespaceSchemaLocation="https://maven.apache.org/surefire/maven-surefire-plugin/xsd/surefire-test-report.xsd" name="TestSuite" time="1.831" tests="0" errors="0" skipped="0" failures="0">
  <properties>
    <property name="awt.toolkit" value="sun.awt.X11.XToolkit"/>
    <property name="java.specification.version" value="11"/>
    <property name="sun.cpu.isalist" value=""/>
    <property name="sun.jnu.encoding" value="UTF-8"/>
    <property name="java.class.path" value="/home/runner/work/ui-wp-test/ui-wp-test/target/test-classes:/home/runner/work/ui-wp-test/ui-wp-test/target/classes:/home/runner/.m2/repository/com/ui/automation/framework/ui-core-framework/1.4-SNAPSHOT/ui-core-framework-1.4-SNAPSHOT.jar:/home/runner/.m2/repository/io/appium/java-client/7.3.0/java-client-7.3.0.jar:/home/runner/.m2/repository/org/seleniumhq/selenium/selenium-java/3.141.59/selenium-java-3.141.59.jar:/home/runner/.m2/repository/org/seleniumhq/selenium/selenium-support/3.141.59/selenium-support-3.141.59.jar:/home/runner/.m2/repository/org/seleniumhq/selenium/selenium-api/3.141.59/selenium-api-3.141.59.jar:/home/runner/.m2/repository/com/google/code/gson/gson/2.8.5/gson-2.8.5.jar:/home/runner/.m2/repository/org/apache/httpcomponents/httpclient/4.5.9/httpclient-4.5.9.jar:/home/runner/.m2/repository/org/apache/httpcomponents/httpcore/4.4.11/httpcore-4.4.11.jar:/home/runner/.m2/repository/commons-logging/commons-logging/1.2/commons-logging-1.2.jar:/home/runner/.m2/repository/commons-codec/commons-codec/1.11/commons-codec-1.11.jar:/home/runner/.m2/repository/cglib/cglib/3.2.12/cglib-3.2.12.jar:/home/runner/.m2/repository/org/ow2/asm/asm/7.1/asm-7.1.jar:/home/runner/.m2/repository/commons-validator/commons-validator/1.6/commons-validator-1.6.jar:/home/runner/.m2/repository/commons-beanutils/commons-beanutils/1.9.2/commons-beanutils-1.9.2.jar:/home/runner/.m2/repository/commons-digester/commons-digester/1.8.1/commons-digester-1.8.1.jar:/home/runner/.m2/repository/commons-collections/commons-collections/3.2.2/commons-collections-3.2.2.jar:/home/runner/.m2/repository/org/apache/commons/commons-lang3/3.9/commons-lang3-3.9.jar:/home/runner/.m2/repository/org/aspectj/aspectjweaver/1.9.4/aspectjweaver-1.9.4.jar:/home/runner/.m2/repository/org/slf4j/slf4j-api/1.7.26/slf4j-api-1.7.26.jar:/home/runner/.m2/repository/org/seleniumhq/selenium/selenium-server/3.141.59/selenium-server-3.141.59.jar:/home/runner/.m2/repository/org/seleniumhq/selenium/selenium-chrome-driver/3.141.59/selenium-chrome-driver-3.141.59.jar:/home/runner/.m2/repository/org/seleniumhq/selenium/selenium-edge-driver/3.141.59/selenium-edge-driver-3.141.59.jar:/home/runner/.m2/repository/org/seleniumhq/selenium/selenium-firefox-driver/3.141.59/selenium-firefox-driver-3.141.59.jar:/home/runner/.m2/repository/org/seleniumhq/selenium/selenium-ie-driver/3.141.59/selenium-ie-driver-3.141.59.jar:/home/runner/.m2/repository/org/seleniumhq/selenium/selenium-opera-driver/3.141.59/selenium-opera-driver-3.141.59.jar:/home/runner/.m2/repository/org/seleniumhq/selenium/selenium-remote-driver/3.141.59/selenium-remote-driver-3.141.59.jar:/home/runner/.m2/repository/org/seleniumhq/selenium/selenium-safari-driver/3.141.59/selenium-safari-driver-3.141.59.jar:/home/runner/.m2/repository/com/beust/jcommander/1.72/jcommander-1.72.jar:/home/runner/.m2/repository/net/bytebuddy/byte-buddy/1.8.15/byte-buddy-1.8.15.jar:/home/runner/.m2/repository/org/apache/commons/commons-exec/1.3/commons-exec-1.3.jar:/home/runner/.m2/repository/com/google/guava/guava/25.0-jre/guava-25.0-jre.jar:/home/runner/.m2/repository/com/google/code/findbugs/jsr305/1.3.9/jsr305-1.3.9.jar:/home/runner/.m2/repository/org/checkerframework/checker-compat-qual/2.0.0/checker-compat-qual-2.0.0.jar:/home/runner/.m2/repository/com/google/errorprone/error_prone_annotations/2.1.3/error_prone_annotations-2.1.3.jar:/home/runner/.m2/repository/com/google/j2objc/j2objc-annotations/1.1/j2objc-annotations-1.1.jar:/home/runner/.m2/repository/org/codehaus/mojo/animal-sniffer-annotations/1.14/animal-sniffer-annotations-1.14.jar:/home/runner/.m2/repository/net/jcip/jcip-annotations/1.0/jcip-annotations-1.0.jar:/home/runner/.m2/repository/org/seleniumhq/selenium/jetty-repacked/9.4.12.v20180830/jetty-repacked-9.4.12.v20180830.jar:/home/runner/.m2/repository/com/squareup/okhttp3/okhttp/3.11.0/okhttp-3.11.0.jar:/home/runner/.m2/repository/com/squareup/okio/okio/1.14.0/okio-1.14.0.jar:/home/runner/.m2/repository/javax/servlet/javax.servlet-api/3.1.0/javax.servlet-api-3.1.0.jar:/home/runner/.m2/repository/org/yaml/snakeyaml/1.19/snakeyaml-1.19.jar:/home/runner/.m2/repository/io/github/bonigarcia/webdrivermanager/4.1.0/webdrivermanager-4.1.0.jar:/home/runner/.m2/repository/org/apache/httpcomponents/client5/httpclient5/5.0.1/httpclient5-5.0.1.jar:/home/runner/.m2/repository/org/apache/httpcomponents/core5/httpcore5/5.0.1/httpcore5-5.0.1.jar:/home/runner/.m2/repository/org/apache/httpcomponents/core5/httpcore5-h2/5.0.1/httpcore5-h2-5.0.1.jar:/home/runner/.m2/repository/org/rauschig/jarchivelib/1.0.0/jarchivelib-1.0.0.jar:/home/runner/.m2/repository/org/apache/commons/commons-compress/1.18/commons-compress-1.18.jar:/home/runner/.m2/repository/org/jsoup/jsoup/1.13.1/jsoup-1.13.1.jar:/home/runner/.m2/repository/org/testng/testng/6.14.3/testng-6.14.3.jar:/home/runner/.m2/repository/org/apache-extras/beanshell/bsh/2.0b6/bsh-2.0b6.jar:/home/runner/.m2/repository/io/qameta/allure/allure-testng/2.13.5/allure-testng-2.13.5.jar:/home/runner/.m2/repository/io/qameta/allure/allure-java-commons/2.13.5/allure-java-commons-2.13.5.jar:/home/runner/.m2/repository/io/qameta/allure/allure-model/2.13.5/allure-model-2.13.5.jar:/home/runner/.m2/repository/org/apache/tika/tika-core/1.20/tika-core-1.20.jar:/home/runner/.m2/repository/org/jooq/joor-java-8/0.9.10/joor-java-8-0.9.10.jar:/home/runner/.m2/repository/org/postgresql/postgresql/42.2.14/postgresql-42.2.14.jar:/home/runner/.m2/repository/com/github/javafaker/javafaker/1.0.2/javafaker-1.0.2.jar:/home/runner/.m2/repository/org/yaml/snakeyaml/1.23/snakeyaml-1.23-android.jar:/home/runner/.m2/repository/com/github/mifmif/generex/1.0.2/generex-1.0.2.jar:/home/runner/.m2/repository/dk/brics/automaton/automaton/1.11-8/automaton-1.11-8.jar:/home/runner/.m2/repository/commons-io/commons-io/2.6/commons-io-2.6.jar:/home/runner/.m2/repository/log4j/log4j/1.2.17/log4j-1.2.17.jar:/home/runner/.m2/repository/com/fasterxml/jackson/core/jackson-core/2.11.1/jackson-core-2.11.1.jar:/home/runner/.m2/repository/com/fasterxml/jackson/core/jackson-databind/2.11.1/jackson-databind-2.11.1.jar:/home/runner/.m2/repository/com/fasterxml/jackson/core/jackson-annotations/2.11.1/jackson-annotations-2.11.1.jar:/home/runner/.m2/repository/org/mongodb/mongo-java-driver/3.12.7/mongo-java-driver-3.12.7.jar:/home/runner/.m2/repository/org/mongodb/mongodb-driver-core/4.1.0/mongodb-driver-core-4.1.0.jar:/home/runner/.m2/repository/org/mongodb/bson/4.1.0/bson-4.1.0.jar:/home/runner/.m2/repository/com/jayway/jsonpath/json-path/2.4.0/json-path-2.4.0.jar:/home/runner/.m2/repository/net/minidev/json-smart/2.3/json-smart-2.3.jar:/home/runner/.m2/repository/net/minidev/accessors-smart/1.2/accessors-smart-1.2.jar:/home/runner/.m2/repository/org/springframework/spring-core/5.2.8.RELEASE/spring-core-5.2.8.RELEASE.jar:/home/runner/.m2/repository/org/springframework/spring-jcl/5.2.8.RELEASE/spring-jcl-5.2.8.RELEASE.jar:/home/runner/.m2/repository/org/springframework/spring-context/5.2.8.RELEASE/spring-context-5.2.8.RELEASE.jar:/home/runner/.m2/repository/org/springframework/spring-aop/5.2.8.RELEASE/spring-aop-5.2.8.RELEASE.jar:/home/runner/.m2/repository/org/springframework/spring-beans/5.2.8.RELEASE/spring-beans-5.2.8.RELEASE.jar:/home/runner/.m2/repository/org/springframework/spring-expression/5.2.8.RELEASE/spring-expression-5.2.8.RELEASE.jar:/home/runner/.m2/repository/org/springframework/spring-jdbc/5.2.8.RELEASE/spring-jdbc-5.2.8.RELEASE.jar:/home/runner/.m2/repository/org/springframework/spring-tx/5.2.8.RELEASE/spring-tx-5.2.8.RELEASE.jar:"/>
    <property name="java.vm.vendor" value="AdoptOpenJDK"/>
    <property name="sun.arch.data.model" value="64"/>
    <property name="cloud" value="localhost"/>
    <property name="java.vendor.url" value="https://adoptopenjdk.net/"/>
    <property name="user.timezone" value=""/>
    <property name="java.vm.specification.version" value="11"/>
    <property name="os.name" value="Linux"/>
    <property name="sun.java.launcher" value="SUN_STANDARD"/>
    <property name="sun.boot.library.path" value="/usr/lib/jvm/adoptopenjdk-11-hotspot-amd64/lib"/>
    <property name="sun.java.command" value="/home/runner/work/ui-wp-test/ui-wp-test/target/surefire/surefirebooter8734730349685229364.jar /home/runner/work/ui-wp-test/ui-wp-test/target/surefire 2021-06-06T14-55-07_971-jvmRun1 surefire6743574358401009194tmp surefire_02249746690240667106tmp"/>
    <property name="jdk.debug" value="release"/>
    <property name="surefire.test.class.path" value="/home/runner/work/ui-wp-test/ui-wp-test/target/test-classes:/home/runner/work/ui-wp-test/ui-wp-test/target/classes:/home/runner/.m2/repository/com/ui/automation/framework/ui-core-framework/1.4-SNAPSHOT/ui-core-framework-1.4-SNAPSHOT.jar:/home/runner/.m2/repository/io/appium/java-client/7.3.0/java-client-7.3.0.jar:/home/runner/.m2/repository/org/seleniumhq/selenium/selenium-java/3.141.59/selenium-java-3.141.59.jar:/home/runner/.m2/repository/org/seleniumhq/selenium/selenium-support/3.141.59/selenium-support-3.141.59.jar:/home/runner/.m2/repository/org/seleniumhq/selenium/selenium-api/3.141.59/selenium-api-3.141.59.jar:/home/runner/.m2/repository/com/google/code/gson/gson/2.8.5/gson-2.8.5.jar:/home/runner/.m2/repository/org/apache/httpcomponents/httpclient/4.5.9/httpclient-4.5.9.jar:/home/runner/.m2/repository/org/apache/httpcomponents/httpcore/4.4.11/httpcore-4.4.11.jar:/home/runner/.m2/repository/commons-logging/commons-logging/1.2/commons-logging-1.2.jar:/home/runner/.m2/repository/commons-codec/commons-codec/1.11/commons-codec-1.11.jar:/home/runner/.m2/repository/cglib/cglib/3.2.12/cglib-3.2.12.jar:/home/runner/.m2/repository/org/ow2/asm/asm/7.1/asm-7.1.jar:/home/runner/.m2/repository/commons-validator/commons-validator/1.6/commons-validator-1.6.jar:/home/runner/.m2/repository/commons-beanutils/commons-beanutils/1.9.2/commons-beanutils-1.9.2.jar:/home/runner/.m2/repository/commons-digester/commons-digester/1.8.1/commons-digester-1.8.1.jar:/home/runner/.m2/repository/commons-collections/commons-collections/3.2.2/commons-collections-3.2.2.jar:/home/runner/.m2/repository/org/apache/commons/commons-lang3/3.9/commons-lang3-3.9.jar:/home/runner/.m2/repository/org/aspectj/aspectjweaver/1.9.4/aspectjweaver-1.9.4.jar:/home/runner/.m2/repository/org/slf4j/slf4j-api/1.7.26/slf4j-api-1.7.26.jar:/home/runner/.m2/repository/org/seleniumhq/selenium/selenium-server/3.141.59/selenium-server-3.141.59.jar:/home/runner/.m2/repository/org/seleniumhq/selenium/selenium-chrome-driver/3.141.59/selenium-chrome-driver-3.141.59.jar:/home/runner/.m2/repository/org/seleniumhq/selenium/selenium-edge-driver/3.141.59/selenium-edge-driver-3.141.59.jar:/home/runner/.m2/repository/org/seleniumhq/selenium/selenium-firefox-driver/3.141.59/selenium-firefox-driver-3.141.59.jar:/home/runner/.m2/repository/org/seleniumhq/selenium/selenium-ie-driver/3.141.59/selenium-ie-driver-3.141.59.jar:/home/runner/.m2/repository/org/seleniumhq/selenium/selenium-opera-driver/3.141.59/selenium-opera-driver-3.141.59.jar:/home/runner/.m2/repository/org/seleniumhq/selenium/selenium-remote-driver/3.141.59/selenium-remote-driver-3.141.59.jar:/home/runner/.m2/repository/org/seleniumhq/selenium/selenium-safari-driver/3.141.59/selenium-safari-driver-3.141.59.jar:/home/runner/.m2/repository/com/beust/jcommander/1.72/jcommander-1.72.jar:/home/runner/.m2/repository/net/bytebuddy/byte-buddy/1.8.15/byte-buddy-1.8.15.jar:/home/runner/.m2/repository/org/apache/commons/commons-exec/1.3/commons-exec-1.3.jar:/home/runner/.m2/repository/com/google/guava/guava/25.0-jre/guava-25.0-jre.jar:/home/runner/.m2/repository/com/google/code/findbugs/jsr305/1.3.9/jsr305-1.3.9.jar:/home/runner/.m2/repository/org/checkerframework/checker-compat-qual/2.0.0/checker-compat-qual-2.0.0.jar:/home/runner/.m2/repository/com/google/errorprone/error_prone_annotations/2.1.3/error_prone_annotations-2.1.3.jar:/home/runner/.m2/repository/com/google/j2objc/j2objc-annotations/1.1/j2objc-annotations-1.1.jar:/home/runner/.m2/repository/org/codehaus/mojo/animal-sniffer-annotations/1.14/animal-sniffer-annotations-1.14.jar:/home/runner/.m2/repository/net/jcip/jcip-annotations/1.0/jcip-annotations-1.0.jar:/home/runner/.m2/repository/org/seleniumhq/selenium/jetty-repacked/9.4.12.v20180830/jetty-repacked-9.4.12.v20180830.jar:/home/runner/.m2/repository/com/squareup/okhttp3/okhttp/3.11.0/okhttp-3.11.0.jar:/home/runner/.m2/repository/com/squareup/okio/okio/1.14.0/okio-1.14.0.jar:/home/runner/.m2/repository/javax/servlet/javax.servlet-api/3.1.0/javax.servlet-api-3.1.0.jar:/home/runner/.m2/repository/org/yaml/snakeyaml/1.19/snakeyaml-1.19.jar:/home/runner/.m2/repository/io/github/bonigarcia/webdrivermanager/4.1.0/webdrivermanager-4.1.0.jar:/home/runner/.m2/repository/org/apache/httpcomponents/client5/httpclient5/5.0.1/httpclient5-5.0.1.jar:/home/runner/.m2/repository/org/apache/httpcomponents/core5/httpcore5/5.0.1/httpcore5-5.0.1.jar:/home/runner/.m2/repository/org/apache/httpcomponents/core5/httpcore5-h2/5.0.1/httpcore5-h2-5.0.1.jar:/home/runner/.m2/repository/org/rauschig/jarchivelib/1.0.0/jarchivelib-1.0.0.jar:/home/runner/.m2/repository/org/apache/commons/commons-compress/1.18/commons-compress-1.18.jar:/home/runner/.m2/repository/org/jsoup/jsoup/1.13.1/jsoup-1.13.1.jar:/home/runner/.m2/repository/org/testng/testng/6.14.3/testng-6.14.3.jar:/home/runner/.m2/repository/org/apache-extras/beanshell/bsh/2.0b6/bsh-2.0b6.jar:/home/runner/.m2/repository/io/qameta/allure/allure-testng/2.13.5/allure-testng-2.13.5.jar:/home/runner/.m2/repository/io/qameta/allure/allure-java-commons/2.13.5/allure-java-commons-2.13.5.jar:/home/runner/.m2/repository/io/qameta/allure/allure-model/2.13.5/allure-model-2.13.5.jar:/home/runner/.m2/repository/org/apache/tika/tika-core/1.20/tika-core-1.20.jar:/home/runner/.m2/repository/org/jooq/joor-java-8/0.9.10/joor-java-8-0.9.10.jar:/home/runner/.m2/repository/org/postgresql/postgresql/42.2.14/postgresql-42.2.14.jar:/home/runner/.m2/repository/com/github/javafaker/javafaker/1.0.2/javafaker-1.0.2.jar:/home/runner/.m2/repository/org/yaml/snakeyaml/1.23/snakeyaml-1.23-android.jar:/home/runner/.m2/repository/com/github/mifmif/generex/1.0.2/generex-1.0.2.jar:/home/runner/.m2/repository/dk/brics/automaton/automaton/1.11-8/automaton-1.11-8.jar:/home/runner/.m2/repository/commons-io/commons-io/2.6/commons-io-2.6.jar:/home/runner/.m2/repository/log4j/log4j/1.2.17/log4j-1.2.17.jar:/home/runner/.m2/repository/com/fasterxml/jackson/core/jackson-core/2.11.1/jackson-core-2.11.1.jar:/home/runner/.m2/repository/com/fasterxml/jackson/core/jackson-databind/2.11.1/jackson-databind-2.11.1.jar:/home/runner/.m2/repository/com/fasterxml/jackson/core/jackson-annotations/2.11.1/jackson-annotations-2.11.1.jar:/home/runner/.m2/repository/org/mongodb/mongo-java-driver/3.12.7/mongo-java-driver-3.12.7.jar:/home/runner/.m2/repository/org/mongodb/mongodb-driver-core/4.1.0/mongodb-driver-core-4.1.0.jar:/home/runner/.m2/repository/org/mongodb/bson/4.1.0/bson-4.1.0.jar:/home/runner/.m2/repository/com/jayway/jsonpath/json-path/2.4.0/json-path-2.4.0.jar:/home/runner/.m2/repository/net/minidev/json-smart/2.3/json-smart-2.3.jar:/home/runner/.m2/repository/net/minidev/accessors-smart/1.2/accessors-smart-1.2.jar:/home/runner/.m2/repository/org/springframework/spring-core/5.2.8.RELEASE/spring-core-5.2.8.RELEASE.jar:/home/runner/.m2/repository/org/springframework/spring-jcl/5.2.8.RELEASE/spring-jcl-5.2.8.RELEASE.jar:/home/runner/.m2/repository/org/springframework/spring-context/5.2.8.RELEASE/spring-context-5.2.8.RELEASE.jar:/home/runner/.m2/repository/org/springframework/spring-aop/5.2.8.RELEASE/spring-aop-5.2.8.RELEASE.jar:/home/runner/.m2/repository/org/springframework/spring-beans/5.2.8.RELEASE/spring-beans-5.2.8.RELEASE.jar:/home/runner/.m2/repository/org/springframework/spring-expression/5.2.8.RELEASE/spring-expression-5.2.8.RELEASE.jar:/home/runner/.m2/repository/org/springframework/spring-jdbc/5.2.8.RELEASE/spring-jdbc-5.2.8.RELEASE.jar:/home/runner/.m2/repository/org/springframework/spring-tx/5.2.8.RELEASE/spring-tx-5.2.8.RELEASE.jar:"/>
    <property name="allure.results.directory" value="/home/runner/work/ui-wp-test/ui-wp-test/target/allure-results"/>
    <property name="sun.cpu.endian" value="little"/>
    <property name="user.home" value="/home/runner"/>
    <property name="user.language" value="en"/>
    <property name="java.specification.vendor" value="Oracle Corporation"/>
    <property name="java.version.date" value="2021-04-20"/>
    <property name="java.home" value="/usr/lib/jvm/adoptopenjdk-11-hotspot-amd64"/>
    <property name="file.separator" value="/"/>
    <property name="basedir" value="/home/runner/work/ui-wp-test/ui-wp-test"/>
    <property name="java.vm.compressedOopsMode" value="32-bit"/>
    <property name="line.separator" value="&#10;"/>
    <property name="java.specification.name" value="Java Platform API Specification"/>
    <property name="java.vm.specification.vendor" value="Oracle Corporation"/>
    <property name="java.awt.graphicsenv" value="sun.awt.X11GraphicsEnvironment"/>
    <property name="surefire.real.class.path" value="/home/runner/work/ui-wp-test/ui-wp-test/target/surefire/surefirebooter8734730349685229364.jar"/>
    <property name="sun.management.compiler" value="HotSpot 64-Bit Tiered Compilers"/>
    <property name="java.runtime.version" value="11.0.11+9"/>
    <property name="user.name" value="runner"/>
    <property name="path.separator" value=":"/>
    <property name="os.version" value="5.4.0-1047-azure"/>
    <property name="java.runtime.name" value="OpenJDK Runtime Environment"/>
    <property name="file.encoding" value="UTF-8"/>
    <property name="java.vm.name" value="OpenJDK 64-Bit Server VM"/>
    <property name="java.vendor.version" value="AdoptOpenJDK-11.0.11+9"/>
    <property name="localRepository" value="/home/runner/.m2/repository"/>
    <property name="java.vendor.url.bug" value="https://github.com/AdoptOpenJDK/openjdk-support/issues"/>
    <property name="java.io.tmpdir" value="/tmp"/>
    <property name="java.version" value="11.0.11"/>
    <property name="user.dir" value="/home/runner/work/ui-wp-test/ui-wp-test"/>
    <property name="os.arch" value="amd64"/>
    <property name="java.vm.specification.name" value="Java Virtual Machine Specification"/>
    <property name="java.awt.printerjob" value="sun.print.PSPrinterJob"/>
    <property name="sun.os.patch.level" value="unknown"/>
    <property name="java.library.path" value="/usr/java/packages/lib:/usr/lib64:/lib64:/lib:/usr/lib"/>
    <property name="java.vm.info" value="mixed mode"/>
    <property name="java.vendor" value="AdoptOpenJDK"/>
    <property name="java.vm.version" value="11.0.11+9"/>
    <property name="sun.io.unicode.encoding" value="UnicodeLittle"/>
    <property name="java.class.version" value="55.0"/>
    <property name="environemnt" value="qa"/>
  </properties>
</testsuite>